<?xml version="1.0" encoding="UTF-8"?>
<!-- Generated by org.testng.reporters.JUnitReportReporter -->
<testsuite hostname="Supercomputer" failures="0" tests="4" name="loginTests.loginMobtest" time="30.835" errors="0" timestamp="02 Sep 2022 07:13:40 GMT" skipped="0">
  <testcase classname="loginTests.loginMobtest" name="Test1" time="0.092"/>
  <testcase classname="loginTests.loginMobtest" name="Test1" time="0.183"/>
  <testcase classname="loginTests.loginMobtest" name="Test1" time="0.106"/>
  <testcase classname="loginTests.loginMobtest" name="Test1" time="30.454"/>
</testsuite> <!-- loginTests.loginMobtest -->
