<?xml version="1.0" encoding="UTF-8"?>
<!-- Generated by org.testng.reporters.JUnitReportReporter -->
<testsuite hostname="Supercomputer" failures="0" tests="3" name="compatibility.compatibilityTest" time="34.585" errors="0" timestamp="02 Sep 2022 07:13:40 GMT" skipped="0">
  <testcase classname="compatibility.compatibilityTest" name="chromeTest" time="9.954"/>
  <testcase classname="compatibility.compatibilityTest" name="edgeTest" time="11.694"/>
  <testcase classname="compatibility.compatibilityTest" name="firefoxTest" time="12.937"/>
</testsuite> <!-- compatibility.compatibilityTest -->
